-------------------------------------------------------------------------------
Test set: org.example.TriangleTest
-------------------------------------------------------------------------------
Tests run: 7, Failures: 0, Errors: 7, Skipped: 0, Time elapsed: 0.087 s <<< FAILURE! - in org.example.TriangleTest
org.example.TriangleTest.testWithCsvSource(int, int, int, int)[1]  Time elapsed: 0 s  <<< ERROR!
java.lang.ExceptionInInitializerError
	at org.example.TriangleTest.<clinit>(TriangleTest.java:15)

org.example.TriangleTest.testWithCsvSource(int, int, int, int)[2]  Time elapsed: 0 s  <<< ERROR!
java.lang.NoClassDefFoundError: Could not initialize class org.example.TriangleTest

org.example.TriangleTest.testWithCsvSource(int, int, int, int)[3]  Time elapsed: 0 s  <<< ERROR!
java.lang.NoClassDefFoundError: Could not initialize class org.example.TriangleTest

org.example.TriangleTest.testWithCsvSourceN(int, int, int)[1]  Time elapsed: 0 s  <<< ERROR!
java.lang.NoClassDefFoundError: Could not initialize class org.example.TriangleTest

org.example.TriangleTest.testWithCsvSourceN(int, int, int)[2]  Time elapsed: 0 s  <<< ERROR!
java.lang.NoClassDefFoundError: Could not initialize class org.example.TriangleTest

org.example.TriangleTest.testWithCsvSourceN(int, int, int)[3]  Time elapsed: 0 s  <<< ERROR!
java.lang.NoClassDefFoundError: Could not initialize class org.example.TriangleTest

org.example.TriangleTest.test  Time elapsed: 0 s  <<< ERROR!
java.lang.NoClassDefFoundError: Could not initialize class org.example.TriangleTest

